#
# There is insufficient memory for the Java Runtime Environment to continue.
# Native memory allocation (malloc) failed to allocate 465600 bytes for Chunk::new
# Possible reasons:
#   The system is out of physical RAM or swap space
#   The process is running with CompressedOops enabled, and the Java Heap may be blocking the growth of the native heap
# Possible solutions:
#   Reduce memory load on the system
#   Increase physical memory or swap space
#   Check if swap backing store is full
#   Decrease Java heap size (-Xmx/-Xms)
#   Decrease number of Java threads
#   Decrease Java thread stack sizes (-Xss)
#   Set larger code cache with -XX:ReservedCodeCacheSize=
#   JVM is running with Unscaled Compressed Oops mode in which the Java heap is
#     placed in the first 4GB address space. The Java Heap base address is the
#     maximum limit for the native heap growth. Please use -XX:HeapBaseMinAddress
#     to set the Java Heap base and to place the Java Heap above 4GB virtual address.
# This output file may be truncated or incomplete.
#
#  Out of Memory Error (allocation.cpp:389), pid=2172, tid=0x00000000000031a0
#
# JRE version: Java(TM) SE Runtime Environment (8.0_241-b07) (build 1.8.0_241-b07)
# Java VM: Java HotSpot(TM) 64-Bit Server VM (25.241-b07 mixed mode windows-amd64 compressed oops)
# Failed to write core dump. Minidumps are not enabled by default on client versions of Windows
#

---------------  T H R E A D  ---------------

Current thread (0x0000000017973000):  JavaThread "C2 CompilerThread0" daemon [_thread_in_native, id=12704, stack(0x0000000018260000,0x0000000018360000)]

Stack: [0x0000000018260000,0x0000000018360000]
[error occurred during error reporting (printing stack bounds), id 0xc0000005]

Native frames: (J=compiled Java code, j=interpreted, Vv=VM code, C=native code)


Current CompileTask:
C2:   1283 1055   !   4       java.lang.ClassLoader::loadClass (122 bytes)


---------------  P R O C E S S  ---------------

Java Threads: ( => current thread )
  0x0000000017a0e800 JavaThread "Service Thread" daemon [_thread_blocked, id=11364, stack(0x0000000018660000,0x0000000018760000)]
  0x000000001798c800 JavaThread "C1 CompilerThread3" daemon [_thread_in_vm, id=5820, stack(0x0000000018560000,0x0000000018660000)]
  0x0000000017988800 JavaThread "C2 CompilerThread2" daemon [_thread_in_native, id=6108, stack(0x0000000018460000,0x0000000018560000)]
  0x0000000017983800 JavaThread "C2 CompilerThread1" daemon [_thread_in_native, id=10136, stack(0x0000000018360000,0x0000000018460000)]
=>0x0000000017973000 JavaThread "C2 CompilerThread0" daemon [_thread_in_native, id=12704, stack(0x0000000018260000,0x0000000018360000)]
  0x0000000017972000 JavaThread "Attach Listener" daemon [_thread_blocked, id=13260, stack(0x0000000018160000,0x0000000018260000)]
  0x0000000015b5e800 JavaThread "Signal Dispatcher" daemon [_thread_blocked, id=5816, stack(0x0000000018060000,0x0000000018160000)]
  0x0000000017960800 JavaThread "Finalizer" daemon [_thread_blocked, id=7604, stack(0x0000000017e40000,0x0000000017f40000)]
  0x0000000003138800 JavaThread "Reference Handler" daemon [_thread_blocked, id=11280, stack(0x0000000017d40000,0x0000000017e40000)]
  0x0000000003042800 JavaThread "main" [_thread_in_Java, id=6388, stack(0x0000000002f40000,0x0000000003040000)]

Other Threads:
  0x0000000015b47800 VMThread [stack: 0x0000000017840000,0x0000000017940000] [id=11508]
  0x0000000017a28800 WatcherThread [stack: 0x00000000188d0000,0x00000000189d0000] [id=13532]

VM state:not at safepoint (normal execution)

VM Mutex/Monitor currently owned by a thread: None

heap address: 0x00000000c1e00000, size: 994 MB, Compressed Oops mode: 32-bit
Narrow klass base: 0x0000000000000000, Narrow klass shift: 3
Compressed class space size: 1073741824 Address: 0x0000000100000000

Heap:
 PSYoungGen      total 18944K, used 17788K [0x00000000eb500000, 0x00000000eda00000, 0x0000000100000000)
  eden space 16384K, 92% used [0x00000000eb500000,0x00000000ec3df238,0x00000000ec500000)
  from space 2560K, 100% used [0x00000000ec500000,0x00000000ec780000,0x00000000ec780000)
  to   space 2560K, 0% used [0x00000000ed780000,0x00000000ed780000,0x00000000eda00000)
 ParOldGen       total 44032K, used 3566K [0x00000000c1e00000, 0x00000000c4900000, 0x00000000eb500000)
  object space 44032K, 8% used [0x00000000c1e00000,0x00000000c217b878,0x00000000c4900000)
 Metaspace       used 11859K, capacity 12040K, committed 12416K, reserved 1060864K
  class space    used 1515K, capacity 1579K, committed 1664K, reserved 1048576K

Card table byte_map: [0x0000000012500000,0x0000000012700000] byte_map_base: 0x0000000011ef1000

Marking Bits: (ParMarkBitMap*) 0x0000000072b2be30
 Begin Bits: [0x0000000013050000, 0x0000000013fd8000)
 End Bits:   [0x0000000013fd8000, 0x0000000014f60000)

Polling page: 0x0000000001110000

CodeCache: size=245760Kb used=4233Kb max_used=4233Kb free=241526Kb
 bounds [0x0000000003140000, 0x0000000003570000, 0x0000000012140000]
 total_blobs=1485 nmethods=1176 adapters=220
 compilation: enabled

Compilation events (10 events):
Event: 1.279 Thread 0x000000001798c800 1167       3       java.util.LinkedHashMap::keySet (25 bytes)
Event: 1.279 Thread 0x000000001798c800 nmethod 1167 0x000000000355b590 code [0x000000000355b700, 0x000000000355ba90]
Event: 1.280 Thread 0x000000001798c800 1170       3       com.google.common.cache.LocalCache$EntryFactory$1::newEntry (12 bytes)
Event: 1.280 Thread 0x000000001798c800 nmethod 1170 0x000000000355bc10 code [0x000000000355bd80, 0x000000000355c0f0]
Event: 1.280 Thread 0x000000001798c800 1171       3       com.google.common.cache.LocalCache$StrongEntry::<init> (27 bytes)
Event: 1.280 Thread 0x0000000017988800 1173  s    4       java.lang.reflect.Field::declaredAnnotations (59 bytes)
Event: 1.280 Thread 0x000000001798c800 nmethod 1171 0x000000000355c2d0 code [0x000000000355c440, 0x000000000355c6f0]
Event: 1.280 Thread 0x000000001798c800 1172       3       com.google.common.cache.LocalCache$AbstractReferenceEntry::<init> (5 bytes)
Event: 1.280 Thread 0x000000001798c800 nmethod 1172 0x000000000355c810 code [0x000000000355c960, 0x000000000355cb10]
Event: 1.280 Thread 0x000000001798c800 1174   !   3       com.google.common.cache.LocalCache$Segment::lockedGetOrLoad (433 bytes)

GC Heap History (6 events):
Event: 0.790 GC heap before
{Heap before GC invocations=1 (full 0):
 PSYoungGen      total 18944K, used 16384K [0x00000000eb500000, 0x00000000eca00000, 0x0000000100000000)
  eden space 16384K, 100% used [0x00000000eb500000,0x00000000ec500000,0x00000000ec500000)
  from space 2560K, 0% used [0x00000000ec780000,0x00000000ec780000,0x00000000eca00000)
  to   space 2560K, 0% used [0x00000000ec500000,0x00000000ec500000,0x00000000ec780000)
 ParOldGen       total 44032K, used 0K [0x00000000c1e00000, 0x00000000c4900000, 0x00000000eb500000)
  object space 44032K, 0% used [0x00000000c1e00000,0x00000000c1e00000,0x00000000c4900000)
 Metaspace       used 7186K, capacity 7368K, committed 7680K, reserved 1056768K
  class space    used 878K, capacity 924K, committed 1024K, reserved 1048576K
Event: 0.796 GC heap after
Heap after GC invocations=1 (full 0):
 PSYoungGen      total 18944K, used 2549K [0x00000000eb500000, 0x00000000eca00000, 0x0000000100000000)
  eden space 16384K, 0% used [0x00000000eb500000,0x00000000eb500000,0x00000000ec500000)
  from space 2560K, 99% used [0x00000000ec500000,0x00000000ec77d500,0x00000000ec780000)
  to   space 2560K, 0% used [0x00000000ec780000,0x00000000ec780000,0x00000000eca00000)
 ParOldGen       total 44032K, used 1226K [0x00000000c1e00000, 0x00000000c4900000, 0x00000000eb500000)
  object space 44032K, 2% used [0x00000000c1e00000,0x00000000c1f32940,0x00000000c4900000)
 Metaspace       used 7186K, capacity 7368K, committed 7680K, reserved 1056768K
  class space    used 878K, capacity 924K, committed 1024K, reserved 1048576K
}
Event: 0.953 GC heap before
{Heap before GC invocations=2 (full 0):
 PSYoungGen      total 18944K, used 18933K [0x00000000eb500000, 0x00000000eca00000, 0x0000000100000000)
  eden space 16384K, 100% used [0x00000000eb500000,0x00000000ec500000,0x00000000ec500000)
  from space 2560K, 99% used [0x00000000ec500000,0x00000000ec77d500,0x00000000ec780000)
  to   space 2560K, 0% used [0x00000000ec780000,0x00000000ec780000,0x00000000eca00000)
 ParOldGen       total 44032K, used 1226K [0x00000000c1e00000, 0x00000000c4900000, 0x00000000eb500000)
  object space 44032K, 2% used [0x00000000c1e00000,0x00000000c1f32940,0x00000000c4900000)
 Metaspace       used 7960K, capacity 8136K, committed 8320K, reserved 1056768K
  class space    used 996K, capacity 1052K, committed 1152K, reserved 1048576K
Event: 0.956 GC heap after
Heap after GC invocations=2 (full 0):
 PSYoungGen      total 18944K, used 2529K [0x00000000eb500000, 0x00000000eda00000, 0x0000000100000000)
  eden space 16384K, 0% used [0x00000000eb500000,0x00000000eb500000,0x00000000ec500000)
  from space 2560K, 98% used [0x00000000ec780000,0x00000000ec9f87f0,0x00000000eca00000)
  to   space 2560K, 0% used [0x00000000ec500000,0x00000000ec500000,0x00000000ec780000)
 ParOldGen       total 44032K, used 1327K [0x00000000c1e00000, 0x00000000c4900000, 0x00000000eb500000)
  object space 44032K, 3% used [0x00000000c1e00000,0x00000000c1f4bf40,0x00000000c4900000)
 Metaspace       used 7960K, capacity 8136K, committed 8320K, reserved 1056768K
  class space    used 996K, capacity 1052K, committed 1152K, reserved 1048576K
}
Event: 1.101 GC heap before
{Heap before GC invocations=3 (full 0):
 PSYoungGen      total 18944K, used 18913K [0x00000000eb500000, 0x00000000eda00000, 0x0000000100000000)
  eden space 16384K, 100% used [0x00000000eb500000,0x00000000ec500000,0x00000000ec500000)
  from space 2560K, 98% used [0x00000000ec780000,0x00000000ec9f87f0,0x00000000eca00000)
  to   space 2560K, 0% used [0x00000000ec500000,0x00000000ec500000,0x00000000ec780000)
 ParOldGen       total 44032K, used 1327K [0x00000000c1e00000, 0x00000000c4900000, 0x00000000eb500000)
  object space 44032K, 3% used [0x00000000c1e00000,0x00000000c1f4bf40,0x00000000c4900000)
 Metaspace       used 10118K, capacity 10292K, committed 10624K, reserved 1058816K
  class space    used 1259K, capacity 1321K, committed 1408K, reserved 1048576K
Event: 1.105 GC heap after
Heap after GC invocations=3 (full 0):
 PSYoungGen      total 18944K, used 2560K [0x00000000eb500000, 0x00000000eda00000, 0x0000000100000000)
  eden space 16384K, 0% used [0x00000000eb500000,0x00000000eb500000,0x00000000ec500000)
  from space 2560K, 100% used [0x00000000ec500000,0x00000000ec780000,0x00000000ec780000)
  to   space 2560K, 0% used [0x00000000ed780000,0x00000000ed780000,0x00000000eda00000)
 ParOldGen       total 44032K, used 3566K [0x00000000c1e00000, 0x00000000c4900000, 0x00000000eb500000)
  object space 44032K, 8% used [0x00000000c1e00000,0x00000000c217b878,0x00000000c4900000)
 Metaspace       used 10118K, capacity 10292K, committed 10624K, reserved 1058816K
  class space    used 1259K, capacity 1321K, committed 1408K, reserved 1048576K
}

Deoptimization events (5 events):
Event: 0.815 Thread 0x0000000003042800 Uncommon trap: reason=range_check action=make_not_entrant pc=0x00000000033918a0 method=sun.reflect.generics.parser.SignatureParser.current()C @ 34
Event: 0.913 Thread 0x0000000003042800 Uncommon trap: reason=unstable_if action=reinterpret pc=0x00000000033ea5f4 method=org.codehaus.plexus.util.xml.pull.MXParser.nextImpl()I @ 241
Event: 0.923 Thread 0x0000000003042800 Uncommon trap: reason=unstable_if action=reinterpret pc=0x00000000033fa6f4 method=org.codehaus.plexus.util.xml.pull.MXParser.isWhitespace()Z @ 20
Event: 0.990 Thread 0x0000000003042800 Uncommon trap: reason=unstable_if action=reinterpret pc=0x000000000338d27c method=java.util.HashMap.getNode(ILjava/lang/Object;)Ljava/util/HashMap$Node; @ 129
Event: 0.998 Thread 0x0000000003042800 Uncommon trap: reason=unstable_if action=reinterpret pc=0x00000000033ebf80 method=java.util.HashMap.getNode(ILjava/lang/Object;)Ljava/util/HashMap$Node; @ 129

Classes redefined (0 events):
No events

Internal exceptions (10 events):
Event: 0.813 Thread 0x0000000003042800 Exception <a 'java/lang/ArrayIndexOutOfBoundsException'> (0x00000000eb623598) thrown at [C:\ade\jenkins\workspace\8-2-build-windows-amd64-cygwin\jdk8u241\331\hotspot\src\share\vm\runtime\sharedRuntime.cpp, line 605]
Event: 0.814 Thread 0x0000000003042800 Exception <a 'java/lang/ArrayIndexOutOfBoundsException'> (0x00000000eb624ba0) thrown at [C:\ade\jenkins\workspace\8-2-build-windows-amd64-cygwin\jdk8u241\331\hotspot\src\share\vm\runtime\sharedRuntime.cpp, line 605]
Event: 0.814 Thread 0x0000000003042800 Exception <a 'java/lang/ArrayIndexOutOfBoundsException'> (0x00000000eb6265c0) thrown at [C:\ade\jenkins\workspace\8-2-build-windows-amd64-cygwin\jdk8u241\331\hotspot\src\share\vm\runtime\sharedRuntime.cpp, line 605]
Event: 0.814 Thread 0x0000000003042800 Exception <a 'java/lang/ArrayIndexOutOfBoundsException'> (0x00000000eb627360) thrown at [C:\ade\jenkins\workspace\8-2-build-windows-amd64-cygwin\jdk8u241\331\hotspot\src\share\vm\runtime\sharedRuntime.cpp, line 605]
Event: 0.814 Thread 0x0000000003042800 Exception <a 'java/lang/ArrayIndexOutOfBoundsException'> (0x00000000eb628760) thrown at [C:\ade\jenkins\workspace\8-2-build-windows-amd64-cygwin\jdk8u241\331\hotspot\src\share\vm\runtime\sharedRuntime.cpp, line 605]
Event: 0.814 Thread 0x0000000003042800 Exception <a 'java/lang/ArrayIndexOutOfBoundsException'> (0x00000000eb62a710) thrown at [C:\ade\jenkins\workspace\8-2-build-windows-amd64-cygwin\jdk8u241\331\hotspot\src\share\vm\runtime\sharedRuntime.cpp, line 605]
Event: 0.814 Thread 0x0000000003042800 Exception <a 'java/lang/ArrayIndexOutOfBoundsException'> (0x00000000eb62c538) thrown at [C:\ade\jenkins\workspace\8-2-build-windows-amd64-cygwin\jdk8u241\331\hotspot\src\share\vm\runtime\sharedRuntime.cpp, line 605]
Event: 0.815 Thread 0x0000000003042800 Exception <a 'java/lang/ArrayIndexOutOfBoundsException'> (0x00000000eb62e370) thrown at [C:\ade\jenkins\workspace\8-2-build-windows-amd64-cygwin\jdk8u241\331\hotspot\src\share\vm\runtime\sharedRuntime.cpp, line 605]
Event: 0.815 Thread 0x0000000003042800 Exception <a 'java/lang/ArrayIndexOutOfBoundsException': 86> (0x00000000eb62f9c8) thrown at [C:\ade\jenkins\workspace\8-2-build-windows-amd64-cygwin\jdk8u241\331\hotspot\src\share\vm\interpreter\interpreterRuntime.cpp, line 368]
Event: 0.815 Thread 0x0000000003042800 Exception <a 'java/lang/ArrayIndexOutOfBoundsException': 24> (0x00000000eb6306d0) thrown at [C:\ade\jenkins\workspace\8-2-build-windows-amd64-cygwin\jdk8u241\331\hotspot\src\share\vm\interpreter\interpreterRuntime.cpp, line 368]

Events (10 events):
Event: 1.276 loading class com/google/inject/internal/SingleParameterInjector
Event: 1.276 loading class com/google/inject/internal/SingleParameterInjector done
Event: 1.277 loading class com/google/inject/internal/InjectorImpl$JitLimitation
Event: 1.277 loading class com/google/inject/internal/InjectorImpl$JitLimitation done
Event: 1.279 loading class com/google/inject/internal/SingleFieldInjector
Event: 1.279 loading class com/google/inject/internal/SingleFieldInjector done
Event: 1.279 loading class com/google/inject/internal/InjectorImpl$2
Event: 1.279 loading class com/google/inject/internal/InjectorImpl$2 done
Event: 1.280 loading class com/google/inject/internal/InjectorImpl$ProviderBindingImpl$1
Event: 1.280 loading class com/google/inject/internal/InjectorImpl$ProviderBindingImpl$1 done


Dynamic libraries:
0x00007ff7c7df0000 - 0x00007ff7c7e27000 	C:\Program Files\Java\jdk1.8.0_241\bin\java.exe
0x00007fff72940000 - 0x00007fff72b30000 	C:\WINDOWS\SYSTEM32\ntdll.dll
0x00007fff72150000 - 0x00007fff72202000 	C:\WINDOWS\System32\KERNEL32.DLL
0x00007fff6f9e0000 - 0x00007fff6fc84000 	C:\WINDOWS\System32\KERNELBASE.dll
0x00007fff71e30000 - 0x00007fff71ed3000 	C:\WINDOWS\System32\ADVAPI32.dll
0x00007fff72210000 - 0x00007fff722ae000 	C:\WINDOWS\System32\msvcrt.dll
0x00007fff712e0000 - 0x00007fff71377000 	C:\WINDOWS\System32\sechost.dll
0x00007fff713f0000 - 0x00007fff71510000 	C:\WINDOWS\System32\RPCRT4.dll
0x00007fff71590000 - 0x00007fff71724000 	C:\WINDOWS\System32\USER32.dll
0x00007fff6f9b0000 - 0x00007fff6f9d1000 	C:\WINDOWS\System32\win32u.dll
0x00007fff72460000 - 0x00007fff72486000 	C:\WINDOWS\System32\GDI32.dll
0x00007fff6fde0000 - 0x00007fff6ff74000 	C:\WINDOWS\System32\gdi32full.dll
0x00007fff6ff80000 - 0x00007fff7001e000 	C:\WINDOWS\System32\msvcp_win.dll
0x00007fff6fce0000 - 0x00007fff6fdda000 	C:\WINDOWS\System32\ucrtbase.dll
0x00007fff561d0000 - 0x00007fff56454000 	C:\WINDOWS\WinSxS\amd64_microsoft.windows.common-controls_6595b64144ccf1df_6.0.18362.836_none_e6c4b943130f18ed\COMCTL32.dll
0x00007fff71a20000 - 0x00007fff71d56000 	C:\WINDOWS\System32\combase.dll
0x00007fff6f8d0000 - 0x00007fff6f950000 	C:\WINDOWS\System32\bcryptPrimitives.dll
0x00007fff712b0000 - 0x00007fff712de000 	C:\WINDOWS\System32\IMM32.DLL
0x0000000072220000 - 0x00000000722f2000 	C:\Program Files\Java\jdk1.8.0_241\jre\bin\msvcr100.dll
0x0000000072300000 - 0x0000000072bac000 	C:\Program Files\Java\jdk1.8.0_241\jre\bin\server\jvm.dll
0x00007fff71380000 - 0x00007fff71388000 	C:\WINDOWS\System32\PSAPI.DLL
0x00007fff6c5c0000 - 0x00007fff6c5e4000 	C:\WINDOWS\SYSTEM32\WINMM.dll
0x00007fff6a980000 - 0x00007fff6a98a000 	C:\WINDOWS\SYSTEM32\VERSION.dll
0x00007fff6c590000 - 0x00007fff6c5bd000 	C:\WINDOWS\SYSTEM32\WINMMBASE.dll
0x00007fff59db0000 - 0x00007fff59db9000 	C:\WINDOWS\SYSTEM32\WSOCK32.dll
0x00007fff6fc90000 - 0x00007fff6fcda000 	C:\WINDOWS\System32\cfgmgr32.dll
0x00007fff72010000 - 0x00007fff7207f000 	C:\WINDOWS\System32\WS2_32.dll
0x00007fff6c690000 - 0x00007fff6c69f000 	C:\Program Files\Java\jdk1.8.0_241\jre\bin\verify.dll
0x00007fff62b30000 - 0x00007fff62b59000 	C:\Program Files\Java\jdk1.8.0_241\jre\bin\java.dll
0x00007fff68530000 - 0x00007fff68546000 	C:\Program Files\Java\jdk1.8.0_241\jre\bin\zip.dll
0x00007fff70bc0000 - 0x00007fff712a4000 	C:\WINDOWS\System32\SHELL32.dll
0x00007fff71f60000 - 0x00007fff72009000 	C:\WINDOWS\System32\shcore.dll
0x00007fff70020000 - 0x00007fff7079e000 	C:\WINDOWS\System32\windows.storage.dll
0x00007fff6f830000 - 0x00007fff6f853000 	C:\WINDOWS\System32\profapi.dll
0x00007fff6f860000 - 0x00007fff6f8aa000 	C:\WINDOWS\System32\powrprof.dll
0x00007fff6f800000 - 0x00007fff6f810000 	C:\WINDOWS\System32\UMPDC.dll
0x00007fff72320000 - 0x00007fff72372000 	C:\WINDOWS\System32\shlwapi.dll
0x00007fff6f810000 - 0x00007fff6f821000 	C:\WINDOWS\System32\kernel.appcore.dll
0x00007fff709d0000 - 0x00007fff709e7000 	C:\WINDOWS\System32\cryptsp.dll

VM Arguments:
jvm_args: -Dclassworlds.conf=C:\Program Files\NetBeans-11.2\netbeans\java\maven\bin\m2.conf -Dmaven.home=C:\Program Files\NetBeans-11.2\netbeans\java\maven -Dmaven.multiModuleProjectDirectory=C:\Users\Jose De Avila\Documents\NetBeansProjects\MenuGuias 
java_command: org.codehaus.plexus.classworlds.launcher.Launcher -Dexec.args=-classpath %classpath MenuGuias.Guia22 -Dexec.executable=C:\Program Files\Java\jdk1.8.0_241\bin\java.exe -Dexec.classpathScope=runtime -Dmaven.ext.class.path=C:\Program Files\NetBeans-11.2\netbeans\java\maven-nblib\netbeans-eventspy.jar -Dfile.encoding=UTF-8 org.codehaus.mojo:exec-maven-plugin:1.5.0:exec
java_class_path (initial): C:\Program Files\NetBeans-11.2\netbeans\java\maven\boot\plexus-classworlds-2.5.2.jar
Launcher Type: SUN_STANDARD

Environment Variables:
JAVA_HOME=C:\Program Files\Java\jdk1.8.0_241
PATH=C:\Program Files (x86)\Common Files\Oracle\Java\javapath;C:\Program Files (x86)\Intel\Intel(R) Management Engine Components\iCLS\;C:\Program Files\Intel\Intel(R) Management Engine Components\iCLS\;C:\WINDOWS\system32;C:\WINDOWS;C:\WINDOWS\System32\Wbem;C:\WINDOWS\System32\WindowsPowerShell\v1.0\;C:\WINDOWS\System32\OpenSSH\;C:\Program Files (x86)\Intel\Intel(R) Management Engine Components\DAL;C:\Program Files\Intel\Intel(R) Management Engine Components\DAL;C:\Program Files (x86)\Intel\Intel(R) Management Engine Components\IPT;C:\Program Files\Intel\Intel(R) Management Engine Components\IPT;C:\Program Files (x86)\Brackets\command;C:\Program Files\dotnet\;C:\Program Files\Microsoft SQL Server\130\Tools\Binn\;C:\Program Files\Microsoft SQL Server\Client SDK\ODBC\170\Tools\Binn\;C:\xampp\php;C:\ProgramData\ComposerSetup\bin;C:\Program Files\Git\cmd;C:\Users\Jose De Avila\AppData\Local\Microsoft\WindowsApps;;C:\Users\Jose De Avila\AppData\Local\Programs\Microsoft VS Code\bin;C:\Users\Jose De Avila\AppData\Roaming\Composer\vendor\bin
USERNAME=Jose De Avila
OS=Windows_NT
PROCESSOR_IDENTIFIER=Intel64 Family 6 Model 142 Stepping 10, GenuineIntel



---------------  S Y S T E M  ---------------

OS: Windows 10.0 , 64 bit Build 18362 (10.0.18362.778)

CPU:total 8 (initial active 8) (4 cores per cpu, 2 threads per core) family 6 model 142 stepping 10, cmov, cx8, fxsr, mmx, sse, sse2, sse3, ssse3, sse4.1, sse4.2, popcnt, avx, avx2, aes, clmul, erms, 3dnowpref, lzcnt, ht, tsc, tscinvbit, bmi1, bmi2, adx

Memory: 4k page, physical 4066916k(231924k free), swap 16649828k(2852k free)

vm_info: Java HotSpot(TM) 64-Bit Server VM (25.241-b07) for windows-amd64 JRE (1.8.0_241-b07), built on Dec 11 2019 10:21:40 by "rejava" with MS VC++ 10.0 (VS2010)

time: Fri Jun 05 19:08:57 2020
timezone: Hora est. Pacífico, Sudamérica
elapsed time: 1 seconds (0d 0h 0m 1s)

